<?xml version="1.0" encoding="utf-8"?><testsuites name="pytest tests"><testsuite name="pytest" errors="0" failures="0" skipped="0" tests="9" time="132.788" timestamp="2026-03-04T21:41:12.757653+05:30" hostname="DESKTOP-6GI3MCK"><testcase classname="tests.test_auth" name="test_authentication_and_role_access" time="13.821" /><testcase classname="tests.test_expense_flow" name="test_expense_full_flow" time="27.353" /><testcase classname="tests.test_income_flow" name="test_income_full_flow" time="27.433" /><testcase classname="tests.test_login" name="test_open_homepage" time="7.774" /><testcase classname="tests.test_registration" name="test_admin_create_user" time="11.989" /><testcase classname="tests.test_registration" name="test_duplicate_username" time="11.170" /><testcase classname="tests.test_registration" name="test_password_mismatch" time="10.964" /><testcase classname="tests.test_registration" name="test_empty_user_creation" time="11.033" /><testcase classname="tests.test_registration" name="test_weak_password" time="11.056" /></testsuite></testsuites>